<?xml version="1.0" encoding="UTF-8"?>
<testng-results ignored="0" total="1" passed="1" failed="0" skipped="0">
  <reporter-output>
  </reporter-output>
  <suite started-at="2022-06-26T01:27:54 CDT" name="Default suite" finished-at="2022-06-26T01:28:00 CDT" duration-ms="5939">
    <groups>
    </groups>
    <test started-at="2022-06-26T01:27:54 CDT" name="Default test" finished-at="2022-06-26T01:28:00 CDT" duration-ms="5939">
      <class name="tests.LoginSteps">
        <test-method is-config="true" signature="setUp()[pri:0, instance:tests.LoginSteps@25fb8912]" started-at="2022-06-26T01:27:54 CDT" name="setUp" finished-at="2022-06-26T01:27:57 CDT" duration-ms="3140" status="PASS">
          <reporter-output>
          </reporter-output>
        </test-method> <!-- setUp -->
        <test-method signature="login()[pri:0, instance:tests.LoginSteps@25fb8912]" started-at="2022-06-26T01:27:57 CDT" name="login" finished-at="2022-06-26T01:27:59 CDT" duration-ms="2538" status="PASS">
          <reporter-output>
          </reporter-output>
        </test-method> <!-- login -->
        <test-method is-config="true" signature="tearDown()[pri:0, instance:tests.LoginSteps@25fb8912]" started-at="2022-06-26T01:27:59 CDT" name="tearDown" finished-at="2022-06-26T01:28:00 CDT" duration-ms="207" status="PASS">
          <reporter-output>
          </reporter-output>
        </test-method> <!-- tearDown -->
      </class> <!-- tests.LoginSteps -->
    </test> <!-- Default test -->
  </suite> <!-- Default suite -->
</testng-results>
